{
  "RSpec": {
    "coverage": {
      "/home/leapfrog/railsproject/bog/lib/board.rb": [
        null,
        1,
        1,
        null,
        1,
        null,
        null,
        null,
        null,
        null,
        null,
        null,
        null,
        null,
        null,
        null,
        null,
        null,
        null,
        null,
        null,
        null,
        1,
        68,
        68,
        4,
        20,
        null,
        null,
        null,
        1,
        3,
        3,
        null,
        null,
        null,
        null,
        null,
        3,
        24,
        24,
        16,
        null,
        null,
        3,
        null,
        null,
        1,
        null,
        1,
        24,
        null,
        null,
        null,
        null
      ],
      "/home/leapfrog/railsproject/bog/spec/lib/boggle_spec.rb": [
        1,
        1,
        1,
        null,
        1,
        null,
        1,
        1,
        1,
        null,
        1,
        null,
        1,
        1,
        1,
        1,
        1,
        1,
        1,
        1,
        1,
        1,
        1,
        1,
        1,
        1,
        1,
        1,
        null,
        1,
        1,
        null,
        null,
        null,
        null,
        null,
        null,
        null,
        null,
        null
      ],
      "/home/leapfrog/railsproject/bog/lib/boggle.rb": [
        1,
        1,
        1,
        null,
        1,
        1,
        1,
        null,
        null,
        null,
        1,
        1,
        1,
        4,
        16,
        null,
        null,
        1,
        null,
        null,
        1,
        null,
        1,
        120,
        75,
        75,
        75,
        17,
        17,
        3,
        null,
        null,
        17,
        17,
        104,
        null,
        null,
        null,
        null,
        null,
        null
      ],
      "/home/leapfrog/railsproject/bog/spec/lib/trie_spec.rb": [
        1,
        1,
        null,
        1,
        null,
        3,
        null,
        1,
        1,
        1,
        1,
        null,
        null,
        null,
        1,
        1,
        1,
        1,
        1,
        null,
        null,
        null,
        null,
        null,
        null
      ],
      "/home/leapfrog/railsproject/bog/lib/trie.rb": [
        null,
        1,
        1,
        null,
        null,
        2,
        null,
        null,
        1,
        2,
        6,
        18,
        null,
        null,
        null,
        null,
        1,
        1,
        1,
        1,
        3,
        null,
        null,
        null,
        1,
        null,
        1,
        null,
        null
      ]
    },
    "timestamp": 1575558910
  }
}
