{
  "RSpec": {
    "coverage": {
      "/home/leapfrog/railsproject/bog/app/controllers/api/v1/boggles_controller.rb": [
        1,
        1,
        1,
        null,
        1,
        2,
        null,
        null,
        1,
        null,
        null,
        1,
        1,
        null,
        2,
        2,
        2,
        2,
        2,
        null,
        null,
        2,
        null,
        2,
        2,
        2,
        2,
        2,
        null,
        null,
        null,
        null,
        null
      ],
      "/home/leapfrog/railsproject/bog/lib/boggle.rb": [
        1,
        1,
        1,
        null,
        1,
        3,
        3,
        3,
        null,
        null,
        null,
        1,
        3,
        12,
        48,
        null,
        null,
        null,
        null,
        1,
        null,
        1,
        723,
        403,
        403,
        403,
        120,
        120,
        7,
        null,
        null,
        120,
        120,
        675,
        null,
        null,
        null,
        null,
        null
      ],
      "/home/leapfrog/railsproject/bog/lib/board.rb": [
        null,
        1,
        1,
        null,
        1,
        null,
        null,
        null,
        null,
        null,
        null,
        null,
        null,
        null,
        null,
        null,
        null,
        null,
        null,
        null,
        null,
        null,
        1,
        102,
        102,
        6,
        30,
        null,
        null,
        null,
        1,
        106,
        106,
        null,
        null,
        null,
        null,
        null,
        106,
        848,
        848,
        587,
        null,
        null,
        106,
        null,
        null,
        1,
        null,
        1,
        848,
        null,
        null,
        null,
        null
      ],
      "/home/leapfrog/railsproject/bog/lib/trie.rb": [
        null,
        1,
        1,
        null,
        null,
        4,
        null,
        null,
        1,
        4,
        6006,
        38466,
        null,
        null,
        null,
        null,
        1,
        3,
        3,
        3,
        6003,
        null,
        null,
        3,
        null,
        3,
        null,
        null
      ],
      "/home/leapfrog/railsproject/bog/app/controllers/application_controller.rb": [
        1,
        null
      ],
      "/home/leapfrog/railsproject/bog/spec/lib/board_spec.rb": [
        1,
        1,
        1,
        null,
        5,
        null,
        1,
        1,
        1,
        5,
        1,
        null,
        null,
        null,
        1,
        1,
        1,
        null,
        null,
        1,
        1,
        null,
        null,
        1,
        1,
        null,
        null,
        null,
        null,
        null,
        null,
        null,
        null,
        null,
        null,
        null,
        null,
        null,
        null,
        null,
        null,
        null
      ],
      "/home/leapfrog/railsproject/bog/spec/lib/boggle_spec.rb": [
        1,
        1,
        1,
        null,
        1,
        null,
        1,
        1,
        1,
        null,
        1,
        null,
        1,
        1,
        1,
        1,
        1,
        1,
        1,
        1,
        1,
        1,
        1,
        1,
        1,
        1,
        1,
        1,
        null,
        1,
        1,
        1,
        null,
        null,
        null,
        null,
        null,
        null,
        null,
        null,
        null
      ],
      "/home/leapfrog/railsproject/bog/spec/lib/trie_spec.rb": [
        1,
        1,
        null,
        1,
        null,
        3,
        null,
        1,
        1,
        1,
        1,
        null,
        null,
        null,
        1,
        1,
        1,
        1,
        1,
        null,
        null,
        null,
        null,
        null,
        null
      ]
    },
    "timestamp": 1575978989
  }
}
